python3 4_binning_correlation.py --chrom 14 -w_dir /data/project/jeewon/research/3dith-reproduce -d_dir /data/project/jeewon/research/3dith-reproduce/data -s_dir /data/project/jeewon/research/3dith-reproduce/result --cpg_type opensea --grch 36 --chrom_len /data/project/jeewon/research/reference/hg18.fa.sizes --binsize 100000
chr14 length: 106368585
binsize: 100000, number of bins: 1064
Processing 0-th bin
Processing 106-th bin
Processing 212-th bin
Processing 318-th bin
Processing 424-th bin
Processing 530-th bin
Processing 636-th bin
Processing 742-th bin
Processing 848-th bin
Processing 954-th bin
Processing 1060-th bin

Binning the raw corr. matrix

===============================
Processing 0-th bin_with_probe

===============================
Processing 74-th bin_with_probe

===============================
Processing 148-th bin_with_probe

===============================
Processing 222-th bin_with_probe

===============================
Processing 296-th bin_with_probe

===============================
Processing 370-th bin_with_probe

===============================
Processing 444-th bin_with_probe

===============================
Processing 518-th bin_with_probe

===============================
Processing 592-th bin_with_probe

===============================
Processing 666-th bin_with_probe

===============================
Processing 740-th bin_with_probe
/data/project/jeewon/research/3dith-reproduce/result/450K-GRCh36-chr14-opensea-corr.binned.csv
